<?xml version="1.0" encoding="UTF-8"?>
<testng-results ignored="0" total="3" passed="3" failed="0" skipped="0">
  <reporter-output>
  </reporter-output>
  <suite started-at="2022-05-19T15:31:05 IST" name="Default suite" finished-at="2022-05-19T15:31:05 IST" duration-ms="74">
    <groups>
      <group name="test">
        <method signature="DependencyOnGroup.baseMethod()[pri:0, instance:test.DependencyOnGroup@2e1d27ba]" name="baseMethod" class="test.DependencyOnGroup"/>
        <method signature="DependencyOnGroup.nextMethod()[pri:0, instance:test.DependencyOnGroup@2e1d27ba]" name="nextMethod" class="test.DependencyOnGroup"/>
      </group> <!-- test -->
    </groups>
    <test started-at="2022-05-19T15:31:05 IST" name="Default test" finished-at="2022-05-19T15:31:05 IST" duration-ms="74">
      <class name="test.DependencyOnGroup">
        <test-method signature="baseMethod()[pri:0, instance:test.DependencyOnGroup@2e1d27ba]" started-at="2022-05-19T15:31:05 IST" name="baseMethod" finished-at="2022-05-19T15:31:05 IST" duration-ms="12" status="PASS">
          <reporter-output>
          </reporter-output>
        </test-method> <!-- baseMethod -->
        <test-method signature="nextMethod()[pri:0, instance:test.DependencyOnGroup@2e1d27ba]" started-at="2022-05-19T15:31:05 IST" name="nextMethod" finished-at="2022-05-19T15:31:05 IST" duration-ms="3" status="PASS">
          <reporter-output>
          </reporter-output>
        </test-method> <!-- nextMethod -->
        <test-method signature="finalMethod()[pri:0, instance:test.DependencyOnGroup@2e1d27ba]" started-at="2022-05-19T15:31:05 IST" name="finalMethod" depends-on-groups="test" finished-at="2022-05-19T15:31:05 IST" duration-ms="1" status="PASS">
          <reporter-output>
          </reporter-output>
        </test-method> <!-- finalMethod -->
      </class> <!-- test.DependencyOnGroup -->
    </test> <!-- Default test -->
  </suite> <!-- Default suite -->
</testng-results>
