<?xml version="1.0" encoding="UTF-8"?>
<!-- Generated by org.testng.reporters.JUnitXMLReporter -->
<testsuite ignored="0" hostname="DESKTOP-BKQ359T" failures="0" tests="3" name="Default test" time="0.074" errors="0" timestamp="2022-05-19T15:31:06 IST">
  <testcase classname="test.DependencyOnGroup" name="baseMethod" time="0.012"/>
  <testcase classname="test.DependencyOnGroup" name="nextMethod" time="0.003"/>
  <testcase classname="test.DependencyOnGroup" name="finalMethod" time="0.001"/>
</testsuite> <!-- Default test -->
