<?xml version="1.0" encoding="UTF-8"?>
<!-- Generated by org.testng.reporters.JUnitXMLReporter -->
<testsuite ignored="1" hostname="DESKTOP-BKQ359T" failures="0" tests="2" name="CarLoan" time="0.011" errors="0" timestamp="2022-04-24T05:50:18 IST">
  <testcase classname="Test.Basics3" name="APILoginCar" time="0.002"/>
  <testcase classname="Test.Basics3" name="webLoginCar" time="0.002"/>
  <testcase classname="Test.Basics3" name="mobileLoginCar" time="0.0">
    <ignored/>
  </testcase> <!-- mobileLoginCar -->
</testsuite> <!-- CarLoan -->
