<?xml version="1.0" encoding="UTF-8"?>
<!-- Generated by org.testng.reporters.JUnitXMLReporter -->
<testsuite ignored="0" hostname="DESKTOP-BKQ359T" failures="0" tests="6" name="PersonalLoan" time="0.097" errors="0" timestamp="2022-04-24T05:50:18 IST">
  <testcase classname="Test.Basics" name="Demo" time="0.014"/>
  <testcase classname="Test.Basics" name="secondTest" time="0.003"/>
  <testcase classname="Test.Basics2" name="homeLoan" time="0.002"/>
  <testcase classname="Test.Basics4" name="APILoginHome" time="0.002"/>
  <testcase classname="Test.Basics4" name="mobileLoginHome" time="0.002"/>
  <testcase classname="Test.Basics4" name="webLoginHome" time="0.003"/>
</testsuite> <!-- PersonalLoan -->
